2025-12-22 15:19:21,061 - ERROR - 加载配置文件失败: While reading from 'config.ini' [line 27]: option '短信api地址' in section 'sms' already exists
2025-12-22 15:19:21,586 - INFO - 收件箱中共有 16 封邮件
2025-12-22 15:19:21,586 - INFO - 将处理最近 16 封邮件
2025-12-22 15:19:21,755 - INFO - 处理邮件: 111
2025-12-22 15:19:21,756 - INFO - 邮件未包含可识别的舱单附件: 111
2025-12-22 15:19:21,970 - INFO - 处理邮件: 规章制度清单（2025年版）--ai助手
2025-12-22 15:19:21,971 - INFO - 邮件未包含可识别的舱单附件: 规章制度清单（2025年版）--ai助手
2025-12-22 15:19:22,916 - INFO - 处理邮件: 1111
2025-12-22 15:19:22,927 - ERROR - 表keyword_emails不存在于processed_emails_import.db
2025-12-22 15:19:22,947 - INFO - ✅ 已同步到出口数据库: 1111
2025-12-22 15:19:27,030 - INFO - 处理邮件: Fw: 关于向职工代表就公司第十三届四次职代会相关议案征求意见的通知_8325820251204111017
2025-12-22 15:19:27,106 - ERROR - 同步邮件失败: no such table: keyword_emails
2025-12-22 15:19:29,723 - INFO - 处理邮件: 原只有一个进口的文件
2025-12-22 15:19:29,760 - ERROR - 同步邮件失败: no such table: keyword_emails
2025-12-22 15:19:30,578 - INFO - 处理邮件: 一进一出两个文件
2025-12-22 15:19:30,585 - ERROR - 同步邮件失败: no such table: keyword_emails
2025-12-22 15:19:30,787 - INFO - 处理邮件: 转发: 2025年12月份人员变动
2025-12-22 15:19:30,790 - ERROR - 同步邮件失败: no such table: keyword_emails
2025-12-22 15:19:31,141 - INFO - 处理邮件: 转发: 转发: 公司一般管理岗人岗对应现状（新岗位名称）
2025-12-22 15:19:31,147 - ERROR - 同步邮件失败: no such table: keyword_emails
2025-12-22 15:19:31,358 - INFO - 处理邮件: 关于2025年下半年开展公司专业技术职务聘任工作的通知_8325220251211100423.zip
2025-12-22 15:19:31,364 - ERROR - 同步邮件失败: no such table: keyword_emails
2025-12-22 15:19:31,526 - INFO - 处理邮件: 2026-1-6月值班表01版.xlsx
2025-12-22 15:19:31,528 - ERROR - 同步邮件失败: no such table: keyword_emails
2025-12-22 15:19:31,529 - INFO - 已处理 10/16 封邮件
2025-12-22 15:19:59,612 - INFO - 处理邮件: 转发: 管理岗竞聘工作的通知
2025-12-22 15:19:59,993 - INFO - 邮件未包含可识别的舱单附件: 转发: 管理岗竞聘工作的通知
2025-12-22 15:20:31,908 - INFO - 处理邮件: 天津港集装箱码头规章第17号 天津港集装箱码头有限公司岗位工资制实施细则（修订）
2025-12-22 15:20:32,456 - INFO - 邮件未包含可识别的舱单附件: 天津港集装箱码头规章第17号 天津港集装箱码头有限公司岗位工资制实施细则（修订）
2025-12-22 15:20:32,724 - INFO - 处理邮件: Fw: 关于竞聘报名方式的提示
2025-12-22 15:20:33,683 - INFO - 处理邮件: 钓鱼邮件警示
2025-12-22 15:20:34,983 - INFO - 处理邮件: 转发: 版本升级通知-轻舟AI
2025-12-22 15:20:35,000 - INFO - 邮件未包含可识别的舱单附件: 转发: 版本升级通知-轻舟AI
2025-12-22 15:20:41,471 - INFO - 处理邮件: 转发: 关于本轮竞聘报名工作的提示
2025-12-22 15:20:41,583 - INFO - 邮件未包含可识别的舱单附件: 转发: 关于本轮竞聘报名工作的提示
2025-12-22 15:20:41,755 - INFO - 同步完成，总计处理 16 封邮件
